<?xml version="1.0" encoding="UTF-8"?>
<testng-results ignored="0" total="1" passed="1" failed="0" skipped="0">
  <reporter-output>
  </reporter-output>
  <suite started-at="2024-06-20T14:04:03 IST" name="Default suite" finished-at="2024-06-20T14:04:48 IST" duration-ms="44744">
    <groups>
    </groups>
    <test started-at="2024-06-20T14:04:03 IST" name="Default test" finished-at="2024-06-20T14:04:48 IST" duration-ms="44744">
      <class name="testpkg.TNSTClogin">
        <test-method is-config="true" signature="setUp()[pri:0, instance:testpkg.TNSTClogin@2d901eb0]" started-at="2024-06-20T14:04:03 IST" name="setUp" finished-at="2024-06-20T14:04:10 IST" duration-ms="6550" status="PASS">
          <reporter-output>
          </reporter-output>
        </test-method> <!-- setUp -->
        <test-method signature="test()[pri:0, instance:testpkg.TNSTClogin@2d901eb0]" started-at="2024-06-20T14:04:10 IST" name="test" finished-at="2024-06-20T14:04:48 IST" duration-ms="37778" status="PASS">
          <reporter-output>
          </reporter-output>
        </test-method> <!-- test -->
        <test-method is-config="true" signature="tearDown()[pri:0, instance:testpkg.TNSTClogin@2d901eb0]" started-at="2024-06-20T14:04:48 IST" name="tearDown" finished-at="2024-06-20T14:04:48 IST" duration-ms="110" status="PASS">
          <reporter-output>
          </reporter-output>
        </test-method> <!-- tearDown -->
      </class> <!-- testpkg.TNSTClogin -->
    </test> <!-- Default test -->
  </suite> <!-- Default suite -->
</testng-results>
