<?xml version="1.0" encoding="UTF-8"?>
<testng-results ignored="0" total="1" passed="1" failed="0" skipped="0">
  <reporter-output>
  </reporter-output>
  <suite started-at="2024-06-20T15:43:11 IST" name="Default suite" finished-at="2024-06-20T15:44:13 IST" duration-ms="62011">
    <groups>
    </groups>
    <test started-at="2024-06-20T15:43:11 IST" name="Default test" finished-at="2024-06-20T15:44:13 IST" duration-ms="62011">
      <class name="testpkg.TNSTClogin">
        <test-method is-config="true" signature="setUp()[pri:0, instance:testpkg.TNSTClogin@2d901eb0]" started-at="2024-06-20T15:43:11 IST" name="setUp" finished-at="2024-06-20T15:43:24 IST" duration-ms="12670" status="PASS">
          <reporter-output>
          </reporter-output>
        </test-method> <!-- setUp -->
        <test-method signature="test()[pri:0, instance:testpkg.TNSTClogin@2d901eb0]" started-at="2024-06-20T15:43:24 IST" name="test" finished-at="2024-06-20T15:44:03 IST" duration-ms="38723" status="PASS">
          <reporter-output>
          </reporter-output>
        </test-method> <!-- test -->
        <test-method is-config="true" signature="tearDown()[pri:0, instance:testpkg.TNSTClogin@2d901eb0]" started-at="2024-06-20T15:44:03 IST" name="tearDown" finished-at="2024-06-20T15:44:13 IST" duration-ms="10255" status="PASS">
          <reporter-output>
          </reporter-output>
        </test-method> <!-- tearDown -->
      </class> <!-- testpkg.TNSTClogin -->
    </test> <!-- Default test -->
  </suite> <!-- Default suite -->
</testng-results>
